## Footprint report - date Wednesday, March 29, 2017 'AMt' 10:13:42 AM
## Created by Pcbnew version kicad 4.0.5
## Unit = mm, Angle = deg.

$BeginDESCRIPTION

$BOARD
upper_left_corner 134.550000 40.924999
lower_right_corner 200.075001 92.675000
$EndBOARD

$MODULE "C1"
reference "C1"
value "2.2nF"
footprint "Capacitors_SMD:C_0805_HandSoldering"
attribut smd
position 169.000000 66.500000  orientation 270.00
layer front
$PAD "1"
Shape Rect Layer front
position -1.250000  0.000000  size  1.500000  1.250000  orientation 0.00
drill  0.000000
shape_offset  0.000000  0.000000
$EndPAD
$PAD "2"
Shape Rect Layer front
position  1.250000  0.000000  size  1.500000  1.250000  orientation 0.00
drill  0.000000
shape_offset  0.000000  0.000000
$EndPAD
$EndMODULE  C1

$MODULE "C2"
reference "C2"
value "2.2nF"
footprint "Capacitors_SMD:C_0805_HandSoldering"
attribut smd
position 159.500000 60.000000  orientation 0.00
layer front
$PAD "1"
Shape Rect Layer front
position -1.250000  0.000000  size  1.500000  1.250000  orientation 0.00
drill  0.000000
shape_offset  0.000000  0.000000
$EndPAD
$PAD "2"
Shape Rect Layer front
position  1.250000  0.000000  size  1.500000  1.250000  orientation 0.00
drill  0.000000
shape_offset  0.000000  0.000000
$EndPAD
$EndMODULE  C2

$MODULE "C3"
reference "C3"
value "2.2nF"
footprint "Capacitors_SMD:C_0805_HandSoldering"
attribut smd
position 151.000000 66.500000  orientation 270.00
layer front
$PAD "1"
Shape Rect Layer front
position -1.250000  0.000000  size  1.500000  1.250000  orientation 0.00
drill  0.000000
shape_offset  0.000000  0.000000
$EndPAD
$PAD "2"
Shape Rect Layer front
position  1.250000  0.000000  size  1.500000  1.250000  orientation 0.00
drill  0.000000
shape_offset  0.000000  0.000000
$EndPAD
$EndMODULE  C3

$MODULE "C4"
reference "C4"
value "2.2nF"
footprint "Capacitors_SMD:C_0805_HandSoldering"
attribut smd
position 159.500000 73.000000  orientation 0.00
layer front
$PAD "1"
Shape Rect Layer front
position -1.250000  0.000000  size  1.500000  1.250000  orientation 0.00
drill  0.000000
shape_offset  0.000000  0.000000
$EndPAD
$PAD "2"
Shape Rect Layer front
position  1.250000  0.000000  size  1.500000  1.250000  orientation 0.00
drill  0.000000
shape_offset  0.000000  0.000000
$EndPAD
$EndMODULE  C4

$MODULE "C5"
reference "C5"
value "10uF"
footprint "Capacitors_SMD:C_0805_HandSoldering"
attribut smd
position 154.500000 81.000000  orientation 0.00
layer front
$PAD "1"
Shape Rect Layer front
position -1.250000  0.000000  size  1.500000  1.250000  orientation 0.00
drill  0.000000
shape_offset  0.000000  0.000000
$EndPAD
$PAD "2"
Shape Rect Layer front
position  1.250000  0.000000  size  1.500000  1.250000  orientation 0.00
drill  0.000000
shape_offset  0.000000  0.000000
$EndPAD
$EndMODULE  C5

$MODULE "C6"
reference "C6"
value "0.1uF"
footprint "Capacitors_SMD:C_0805_HandSoldering"
attribut smd
position 174.500000 69.000000  orientation 90.00
layer front
$PAD "1"
Shape Rect Layer front
position -1.250000  0.000000  size  1.500000  1.250000  orientation 0.00
drill  0.000000
shape_offset  0.000000  0.000000
$EndPAD
$PAD "2"
Shape Rect Layer front
position  1.250000  0.000000  size  1.500000  1.250000  orientation 0.00
drill  0.000000
shape_offset  0.000000  0.000000
$EndPAD
$EndMODULE  C6

$MODULE "C7"
reference "C7"
value "0.1uF"
footprint "Capacitors_SMD:C_0805_HandSoldering"
attribut smd
position 184.000000 48.500000  orientation 0.00
layer front
$PAD "1"
Shape Rect Layer front
position -1.250000  0.000000  size  1.500000  1.250000  orientation 0.00
drill  0.000000
shape_offset  0.000000  0.000000
$EndPAD
$PAD "2"
Shape Rect Layer front
position  1.250000  0.000000  size  1.500000  1.250000  orientation 0.00
drill  0.000000
shape_offset  0.000000  0.000000
$EndPAD
$EndMODULE  C7

$MODULE "D1"
reference "D1"
value "LED"
footprint "LEDs:LED_0805"
attribut smd
position 160.000000 47.500000  orientation 0.00
layer front
$PAD "2"
Shape Rect Layer front
position  1.049020  0.000000  size  1.198880  1.198880  orientation 180.00
drill  0.000000
shape_offset  0.000000  0.000000
$EndPAD
$PAD "1"
Shape Rect Layer front
position -1.049020  0.000000  size  1.198880  1.198880  orientation 180.00
drill  0.000000
shape_offset  0.000000  0.000000
$EndPAD
$EndMODULE  D1

$MODULE "P1"
reference "P1"
value "UART"
footprint "Pin_Headers:Pin_Header_Straight_1x03"
attribut none
position 148.500000 43.500000  orientation 90.00
layer front
$PAD "1"
Shape Rect Layer both
position  0.000000  0.000000  size  2.032000  1.727200  orientation 0.00
drill  1.016000
shape_offset  0.000000  0.000000
$EndPAD
$PAD "2"
Shape Oval Layer both
position  0.000000  2.540000  size  2.032000  1.727200  orientation 0.00
drill  1.016000
shape_offset  0.000000  0.000000
$EndPAD
$PAD "3"
Shape Oval Layer both
position  0.000000  5.080000  size  2.032000  1.727200  orientation 0.00
drill  1.016000
shape_offset  0.000000  0.000000
$EndPAD
$EndMODULE  P1

$MODULE "P2"
reference "P2"
value "SBW JTAG"
footprint "k7arx:Tag-Connect_TC2030-NL"
attribut none
position 190.000000 48.000000  orientation 0.00
layer back
$PAD ""
Shape Circle Layer both
position  3.810000  1.016000  size  1.000000  1.000000  orientation 0.00
drill  0.991000
shape_offset  0.000000  0.000000
$EndPAD
$PAD ""
Shape Circle Layer both
position  3.810000 -1.016000  size  1.000000  1.000000  orientation 0.00
drill  0.991000
shape_offset  0.000000  0.000000
$EndPAD
$PAD ""
Shape Circle Layer both
position -1.270000  0.000000  size  1.000000  1.000000  orientation 0.00
drill  0.991000
shape_offset  0.000000  0.000000
$EndPAD
$PAD "6"
Shape Circle Layer back
position  2.540000  0.635000  size  0.787000  0.787000  orientation 0.00
drill  0.000000
shape_offset  0.000000  0.000000
$EndPAD
$PAD "5"
Shape Circle Layer back
position  2.540000 -0.635000  size  0.787000  0.787000  orientation 0.00
drill  0.000000
shape_offset  0.000000  0.000000
$EndPAD
$PAD "4"
Shape Circle Layer back
position  1.270000  0.635000  size  0.787000  0.787000  orientation 0.00
drill  0.000000
shape_offset  0.000000  0.000000
$EndPAD
$PAD "3"
Shape Circle Layer back
position  1.270000 -0.635000  size  0.787000  0.787000  orientation 0.00
drill  0.000000
shape_offset  0.000000  0.000000
$EndPAD
$PAD "2"
Shape Circle Layer back
position  0.000000  0.635000  size  0.787000  0.787000  orientation 0.00
drill  0.000000
shape_offset  0.000000  0.000000
$EndPAD
$PAD "1"
Shape Circle Layer back
position  0.000000 -0.635000  size  0.787000  0.787000  orientation 0.00
drill  0.000000
shape_offset  0.000000  0.000000
$EndPAD
$PAD "1"
Shape Circle Layer back
position  0.000000 -0.635000  size  0.787000  0.787000  orientation 0.00
drill  0.000000
shape_offset  0.000000  0.000000
$EndPAD
$PAD "2"
Shape Circle Layer back
position  0.000000  0.635000  size  0.787000  0.787000  orientation 0.00
drill  0.000000
shape_offset  0.000000  0.000000
$EndPAD
$PAD "3"
Shape Circle Layer back
position  1.270000 -0.635000  size  0.787000  0.787000  orientation 0.00
drill  0.000000
shape_offset  0.000000  0.000000
$EndPAD
$PAD "4"
Shape Circle Layer back
position  1.270000  0.635000  size  0.787000  0.787000  orientation 0.00
drill  0.000000
shape_offset  0.000000  0.000000
$EndPAD
$PAD "5"
Shape Circle Layer back
position  2.540000 -0.635000  size  0.787000  0.787000  orientation 0.00
drill  0.000000
shape_offset  0.000000  0.000000
$EndPAD
$PAD "6"
Shape Circle Layer back
position  2.540000  0.635000  size  0.787000  0.787000  orientation 0.00
drill  0.000000
shape_offset  0.000000  0.000000
$EndPAD
$PAD ""
Shape Circle Layer both
position -1.270000  0.000000  size  1.000000  1.000000  orientation 0.00
drill  0.991000
shape_offset  0.000000  0.000000
$EndPAD
$PAD ""
Shape Circle Layer both
position  3.810000 -1.016000  size  1.000000  1.000000  orientation 0.00
drill  0.991000
shape_offset  0.000000  0.000000
$EndPAD
$PAD ""
Shape Circle Layer both
position  3.810000  1.016000  size  1.000000  1.000000  orientation 0.00
drill  0.991000
shape_offset  0.000000  0.000000
$EndPAD
$EndMODULE  P2

$MODULE "R1"
reference "R1"
value "105k"
footprint "Resistors_SMD:R_0805_HandSoldering"
attribut smd
position 166.500000 66.500000  orientation 270.00
layer front
$PAD "1"
Shape Rect Layer front
position -1.350000  0.000000  size  1.500000  1.300000  orientation 0.00
drill  0.000000
shape_offset  0.000000  0.000000
$EndPAD
$PAD "2"
Shape Rect Layer front
position  1.350000  0.000000  size  1.500000  1.300000  orientation 0.00
drill  0.000000
shape_offset  0.000000  0.000000
$EndPAD
$EndMODULE  R1

$MODULE "R2"
reference "R2"
value "105k"
footprint "Resistors_SMD:R_0805_HandSoldering"
attribut smd
position 159.500000 62.500000  orientation 0.00
layer front
$PAD "1"
Shape Rect Layer front
position -1.350000  0.000000  size  1.500000  1.300000  orientation 0.00
drill  0.000000
shape_offset  0.000000  0.000000
$EndPAD
$PAD "2"
Shape Rect Layer front
position  1.350000  0.000000  size  1.500000  1.300000  orientation 0.00
drill  0.000000
shape_offset  0.000000  0.000000
$EndPAD
$EndMODULE  R2

$MODULE "R3"
reference "R3"
value "105k"
footprint "Resistors_SMD:R_0805_HandSoldering"
attribut smd
position 153.500000 66.500000  orientation 270.00
layer front
$PAD "1"
Shape Rect Layer front
position -1.350000  0.000000  size  1.500000  1.300000  orientation 0.00
drill  0.000000
shape_offset  0.000000  0.000000
$EndPAD
$PAD "2"
Shape Rect Layer front
position  1.350000  0.000000  size  1.500000  1.300000  orientation 0.00
drill  0.000000
shape_offset  0.000000  0.000000
$EndPAD
$EndMODULE  R3

$MODULE "R4"
reference "R4"
value "105k"
footprint "Resistors_SMD:R_0805_HandSoldering"
attribut smd
position 159.500000 70.500000  orientation 0.00
layer front
$PAD "1"
Shape Rect Layer front
position -1.350000  0.000000  size  1.500000  1.300000  orientation 0.00
drill  0.000000
shape_offset  0.000000  0.000000
$EndPAD
$PAD "2"
Shape Rect Layer front
position  1.350000  0.000000  size  1.500000  1.300000  orientation 0.00
drill  0.000000
shape_offset  0.000000  0.000000
$EndPAD
$EndMODULE  R4

$MODULE "R5"
reference "R5"
value "47k"
footprint "Resistors_SMD:R_0805_HandSoldering"
attribut smd
position 166.500000 58.500000  orientation 270.00
layer front
$PAD "1"
Shape Rect Layer front
position -1.350000  0.000000  size  1.500000  1.300000  orientation 0.00
drill  0.000000
shape_offset  0.000000  0.000000
$EndPAD
$PAD "2"
Shape Rect Layer front
position  1.350000  0.000000  size  1.500000  1.300000  orientation 0.00
drill  0.000000
shape_offset  0.000000  0.000000
$EndPAD
$EndMODULE  R5

$MODULE "R6"
reference "R6"
value "47k"
footprint "Resistors_SMD:R_0805_HandSoldering"
attribut smd
position 169.000000 58.500000  orientation 270.00
layer front
$PAD "1"
Shape Rect Layer front
position -1.350000  0.000000  size  1.500000  1.300000  orientation 0.00
drill  0.000000
shape_offset  0.000000  0.000000
$EndPAD
$PAD "2"
Shape Rect Layer front
position  1.350000  0.000000  size  1.500000  1.300000  orientation 0.00
drill  0.000000
shape_offset  0.000000  0.000000
$EndPAD
$EndMODULE  R6

$MODULE "R7"
reference "R7"
value "47k"
footprint "Resistors_SMD:R_0805_HandSoldering"
attribut smd
position 178.000000 48.500000  orientation 0.00
layer front
$PAD "1"
Shape Rect Layer front
position -1.350000  0.000000  size  1.500000  1.300000  orientation 0.00
drill  0.000000
shape_offset  0.000000  0.000000
$EndPAD
$PAD "2"
Shape Rect Layer front
position  1.350000  0.000000  size  1.500000  1.300000  orientation 0.00
drill  0.000000
shape_offset  0.000000  0.000000
$EndPAD
$EndMODULE  R7

$MODULE "R8"
reference "R8"
value "47k"
footprint "Resistors_SMD:R_0805_HandSoldering"
attribut smd
position 187.500000 74.500000  orientation 270.00
layer front
$PAD "1"
Shape Rect Layer front
position -1.350000  0.000000  size  1.500000  1.300000  orientation 0.00
drill  0.000000
shape_offset  0.000000  0.000000
$EndPAD
$PAD "2"
Shape Rect Layer front
position  1.350000  0.000000  size  1.500000  1.300000  orientation 0.00
drill  0.000000
shape_offset  0.000000  0.000000
$EndPAD
$EndMODULE  R8

$MODULE "R9"
reference "R9"
value "47k"
footprint "Resistors_SMD:R_0805_HandSoldering"
attribut smd
position 187.500000 64.500000  orientation 270.00
layer front
$PAD "1"
Shape Rect Layer front
position -1.350000  0.000000  size  1.500000  1.300000  orientation 0.00
drill  0.000000
shape_offset  0.000000  0.000000
$EndPAD
$PAD "2"
Shape Rect Layer front
position  1.350000  0.000000  size  1.500000  1.300000  orientation 0.00
drill  0.000000
shape_offset  0.000000  0.000000
$EndPAD
$EndMODULE  R9

$MODULE "R10"
reference "R10"
value "47k"
footprint "Resistors_SMD:R_0805_HandSoldering"
attribut smd
position 187.500000 55.500000  orientation 270.00
layer front
$PAD "1"
Shape Rect Layer front
position -1.350000  0.000000  size  1.500000  1.300000  orientation 0.00
drill  0.000000
shape_offset  0.000000  0.000000
$EndPAD
$PAD "2"
Shape Rect Layer front
position  1.350000  0.000000  size  1.500000  1.300000  orientation 0.00
drill  0.000000
shape_offset  0.000000  0.000000
$EndPAD
$EndMODULE  R10

$MODULE "R11"
reference "R11"
value "470"
footprint "Resistors_SMD:R_0805_HandSoldering"
attribut smd
position 160.000000 52.500000  orientation 180.00
layer front
$PAD "1"
Shape Rect Layer front
position -1.350000  0.000000  size  1.500000  1.300000  orientation 0.00
drill  0.000000
shape_offset  0.000000  0.000000
$EndPAD
$PAD "2"
Shape Rect Layer front
position  1.350000  0.000000  size  1.500000  1.300000  orientation 0.00
drill  0.000000
shape_offset  0.000000  0.000000
$EndPAD
$EndMODULE  R11

$MODULE "R12"
reference "R12"
value "47k"
footprint "Resistors_SMD:R_0805_HandSoldering"
attribut smd
position 187.500000 83.500000  orientation 90.00
layer front
$PAD "1"
Shape Rect Layer front
position -1.350000  0.000000  size  1.500000  1.300000  orientation 0.00
drill  0.000000
shape_offset  0.000000  0.000000
$EndPAD
$PAD "2"
Shape Rect Layer front
position  1.350000  0.000000  size  1.500000  1.300000  orientation 0.00
drill  0.000000
shape_offset  0.000000  0.000000
$EndPAD
$EndMODULE  R12

$MODULE "R13"
reference "R13"
value "47k"
footprint "Resistors_SMD:R_0805_HandSoldering"
attribut smd
position 152.500000 57.500000  orientation 0.00
layer front
$PAD "1"
Shape Rect Layer front
position -1.350000  0.000000  size  1.500000  1.300000  orientation 0.00
drill  0.000000
shape_offset  0.000000  0.000000
$EndPAD
$PAD "2"
Shape Rect Layer front
position  1.350000  0.000000  size  1.500000  1.300000  orientation 0.00
drill  0.000000
shape_offset  0.000000  0.000000
$EndPAD
$EndMODULE  R13

$MODULE "R14"
reference "R14"
value "47k"
footprint "Resistors_SMD:R_0805_HandSoldering"
attribut smd
position 152.500000 52.500000  orientation 0.00
layer front
$PAD "1"
Shape Rect Layer front
position -1.350000  0.000000  size  1.500000  1.300000  orientation 0.00
drill  0.000000
shape_offset  0.000000  0.000000
$EndPAD
$PAD "2"
Shape Rect Layer front
position  1.350000  0.000000  size  1.500000  1.300000  orientation 0.00
drill  0.000000
shape_offset  0.000000  0.000000
$EndPAD
$EndMODULE  R14

$MODULE "RF1"
reference "RF1"
value "360k"
footprint "Resistors_SMD:R_0805_HandSoldering"
attribut smd
position 166.500000 73.500000  orientation 270.00
layer front
$PAD "1"
Shape Rect Layer front
position -1.350000  0.000000  size  1.500000  1.300000  orientation 0.00
drill  0.000000
shape_offset  0.000000  0.000000
$EndPAD
$PAD "2"
Shape Rect Layer front
position  1.350000  0.000000  size  1.500000  1.300000  orientation 0.00
drill  0.000000
shape_offset  0.000000  0.000000
$EndPAD
$EndMODULE  RF1

$MODULE "RG1"
reference "RG1"
value "1.5M"
footprint "Resistors_SMD:R_0805_HandSoldering"
attribut smd
position 169.000000 73.500000  orientation 270.00
layer front
$PAD "1"
Shape Rect Layer front
position -1.350000  0.000000  size  1.500000  1.300000  orientation 0.00
drill  0.000000
shape_offset  0.000000  0.000000
$EndPAD
$PAD "2"
Shape Rect Layer front
position  1.350000  0.000000  size  1.500000  1.300000  orientation 0.00
drill  0.000000
shape_offset  0.000000  0.000000
$EndPAD
$EndMODULE  RG1

$MODULE "S1"
reference "S1"
value "TactileSwitch_NO"
footprint "k7arx:SPST-EVQ2"
attribut none
position 193.000000 74.500000  orientation 90.00
layer front
$PAD "1"
Shape Circle Layer both
position  0.000000  2.500000  size  1.500000  1.500000  orientation 0.00
drill  1.000000
shape_offset  0.000000  0.000000
$EndPAD
$PAD "2"
Shape Circle Layer both
position  0.000000 -2.500000  size  1.500000  1.500000  orientation 0.00
drill  1.000000
shape_offset  0.000000  0.000000
$EndPAD
$EndMODULE  S1

$MODULE "S2"
reference "S2"
value "TactileSwitch_NO"
footprint "k7arx:SPST-EVQ2"
attribut none
position 193.000000 64.500000  orientation 90.00
layer front
$PAD "1"
Shape Circle Layer both
position  0.000000  2.500000  size  1.500000  1.500000  orientation 0.00
drill  1.000000
shape_offset  0.000000  0.000000
$EndPAD
$PAD "2"
Shape Circle Layer both
position  0.000000 -2.500000  size  1.500000  1.500000  orientation 0.00
drill  1.000000
shape_offset  0.000000  0.000000
$EndPAD
$EndMODULE  S2

$MODULE "S3"
reference "S3"
value "TactileSwitch_NO"
footprint "k7arx:SPST-EVQ2"
attribut none
position 193.000000 55.500000  orientation 90.00
layer front
$PAD "1"
Shape Circle Layer both
position  0.000000  2.500000  size  1.500000  1.500000  orientation 0.00
drill  1.000000
shape_offset  0.000000  0.000000
$EndPAD
$PAD "2"
Shape Circle Layer both
position  0.000000 -2.500000  size  1.500000  1.500000  orientation 0.00
drill  1.000000
shape_offset  0.000000  0.000000
$EndPAD
$EndMODULE  S3

$MODULE "S4"
reference "S4"
value "TactileSwitch_NO"
footprint "k7arx:SPST-EVQ2"
attribut none
position 193.000000 83.500000  orientation 90.00
layer front
$PAD "1"
Shape Circle Layer both
position  0.000000  2.500000  size  1.500000  1.500000  orientation 0.00
drill  1.000000
shape_offset  0.000000  0.000000
$EndPAD
$PAD "2"
Shape Circle Layer both
position  0.000000 -2.500000  size  1.500000  1.500000  orientation 0.00
drill  1.000000
shape_offset  0.000000  0.000000
$EndPAD
$EndMODULE  S4

$MODULE "S5"
reference "S5"
value "TactileSwitch_NO"
footprint "k7arx:SPST-EVQ2"
attribut none
position 169.000000 48.500000  orientation 270.00
layer front
$PAD "1"
Shape Circle Layer both
position  0.000000  2.500000  size  1.500000  1.500000  orientation 0.00
drill  1.000000
shape_offset  0.000000  0.000000
$EndPAD
$PAD "2"
Shape Circle Layer both
position  0.000000 -2.500000  size  1.500000  1.500000  orientation 0.00
drill  1.000000
shape_offset  0.000000  0.000000
$EndPAD
$EndMODULE  S5

$MODULE "U1"
reference "U1"
value "OPA4322"
footprint "texas-instruments:PW-14"
attribut none
position 159.500000 66.500000  orientation 90.00
layer front
$PAD "1"
Shape Rect Layer front
position -1.950000  2.800000  size  0.350000  1.600000  orientation 0.00
drill  0.000000
shape_offset  0.000000  0.000000
$EndPAD
$PAD "2"
Shape Rect Layer front
position -1.300000  2.800000  size  0.350000  1.600000  orientation 0.00
drill  0.000000
shape_offset  0.000000  0.000000
$EndPAD
$PAD "3"
Shape Rect Layer front
position -0.650000  2.800000  size  0.350000  1.600000  orientation 0.00
drill  0.000000
shape_offset  0.000000  0.000000
$EndPAD
$PAD "4"
Shape Rect Layer front
position  0.000000  2.800000  size  0.350000  1.600000  orientation 0.00
drill  0.000000
shape_offset  0.000000  0.000000
$EndPAD
$PAD "5"
Shape Rect Layer front
position  0.650000  2.800000  size  0.350000  1.600000  orientation 0.00
drill  0.000000
shape_offset  0.000000  0.000000
$EndPAD
$PAD "6"
Shape Rect Layer front
position  1.300000  2.800000  size  0.350000  1.600000  orientation 0.00
drill  0.000000
shape_offset  0.000000  0.000000
$EndPAD
$PAD "7"
Shape Rect Layer front
position  1.950000  2.800000  size  0.350000  1.600000  orientation 0.00
drill  0.000000
shape_offset  0.000000  0.000000
$EndPAD
$PAD "8"
Shape Rect Layer front
position  1.950000 -2.800000  size  0.350000  1.600000  orientation 0.00
drill  0.000000
shape_offset  0.000000  0.000000
$EndPAD
$PAD "9"
Shape Rect Layer front
position  1.300000 -2.800000  size  0.350000  1.600000  orientation 0.00
drill  0.000000
shape_offset  0.000000  0.000000
$EndPAD
$PAD "10"
Shape Rect Layer front
position  0.650000 -2.800000  size  0.350000  1.600000  orientation 0.00
drill  0.000000
shape_offset  0.000000  0.000000
$EndPAD
$PAD "11"
Shape Rect Layer front
position  0.000000 -2.800000  size  0.350000  1.600000  orientation 0.00
drill  0.000000
shape_offset  0.000000  0.000000
$EndPAD
$PAD "12"
Shape Rect Layer front
position -0.650000 -2.800000  size  0.350000  1.600000  orientation 0.00
drill  0.000000
shape_offset  0.000000  0.000000
$EndPAD
$PAD "13"
Shape Rect Layer front
position -1.300000 -2.800000  size  0.350000  1.600000  orientation 0.00
drill  0.000000
shape_offset  0.000000  0.000000
$EndPAD
$PAD "14"
Shape Rect Layer front
position -1.950000 -2.800000  size  0.350000  1.600000  orientation 0.00
drill  0.000000
shape_offset  0.000000  0.000000
$EndPAD
$EndMODULE  U1

$MODULE "U2"
reference "U2"
value "OPA322"
footprint "texas-instruments:DBV"
attribut none
position 159.512000 77.470000  orientation 90.00
layer front
$PAD "5"
Shape Rect Layer front
position -0.950000 -1.350000  size  0.600000  1.050000  orientation 0.00
drill  0.000000
shape_offset  0.000000  0.000000
$EndPAD
$PAD "4"
Shape Rect Layer front
position  0.950000 -1.350000  size  0.600000  1.050000  orientation 0.00
drill  0.000000
shape_offset  0.000000  0.000000
$EndPAD
$PAD "1"
Shape Rect Layer front
position -0.950000  1.350000  size  0.600000  1.050000  orientation 0.00
drill  0.000000
shape_offset  0.000000  0.000000
$EndPAD
$PAD "2"
Shape Rect Layer front
position  0.000000  1.350000  size  0.600000  1.050000  orientation 0.00
drill  0.000000
shape_offset  0.000000  0.000000
$EndPAD
$PAD "3"
Shape Rect Layer front
position  0.950000  1.350000  size  0.600000  1.050000  orientation 0.00
drill  0.000000
shape_offset  0.000000  0.000000
$EndPAD
$EndMODULE  U2

$MODULE "U3"
reference "U3"
value "TS5A2066"
footprint "texas-instruments:DCT"
attribut none
position 167.500000 81.500000  orientation 270.00
layer front
$PAD "1"
Shape Rect Layer front
position -0.975000  1.700000  size  0.300000  1.600000  orientation 0.00
drill  0.000000
shape_offset  0.000000  0.000000
$EndPAD
$PAD "2"
Shape Rect Layer front
position -0.325000  1.700000  size  0.300000  1.600000  orientation 0.00
drill  0.000000
shape_offset  0.000000  0.000000
$EndPAD
$PAD "3"
Shape Rect Layer front
position  0.325000  1.700000  size  0.300000  1.600000  orientation 0.00
drill  0.000000
shape_offset  0.000000  0.000000
$EndPAD
$PAD "4"
Shape Rect Layer front
position  0.975000  1.700000  size  0.300000  1.600000  orientation 0.00
drill  0.000000
shape_offset  0.000000  0.000000
$EndPAD
$PAD "5"
Shape Rect Layer front
position  0.975000 -1.700000  size  0.300000  1.600000  orientation 0.00
drill  0.000000
shape_offset  0.000000  0.000000
$EndPAD
$PAD "6"
Shape Rect Layer front
position  0.325000 -1.700000  size  0.300000  1.600000  orientation 0.00
drill  0.000000
shape_offset  0.000000  0.000000
$EndPAD
$PAD "7"
Shape Rect Layer front
position -0.325000 -1.700000  size  0.300000  1.600000  orientation 0.00
drill  0.000000
shape_offset  0.000000  0.000000
$EndPAD
$PAD "8"
Shape Rect Layer front
position -0.975000 -1.700000  size  0.300000  1.600000  orientation 0.00
drill  0.000000
shape_offset  0.000000  0.000000
$EndPAD
$EndMODULE  U3

$MODULE "U4"
reference "U4"
value "MSP430G2x53"
footprint "texas-instruments:PW-20"
attribut none
position 180.000000 69.000000  orientation 0.00
layer front
$PAD "1"
Shape Rect Layer front
position -2.925000  2.800000  size  0.350000  1.600000  orientation 0.00
drill  0.000000
shape_offset  0.000000  0.000000
$EndPAD
$PAD "2"
Shape Rect Layer front
position -2.275000  2.800000  size  0.350000  1.600000  orientation 0.00
drill  0.000000
shape_offset  0.000000  0.000000
$EndPAD
$PAD "3"
Shape Rect Layer front
position -1.625000  2.800000  size  0.350000  1.600000  orientation 0.00
drill  0.000000
shape_offset  0.000000  0.000000
$EndPAD
$PAD "4"
Shape Rect Layer front
position -0.975000  2.800000  size  0.350000  1.600000  orientation 0.00
drill  0.000000
shape_offset  0.000000  0.000000
$EndPAD
$PAD "5"
Shape Rect Layer front
position -0.325000  2.800000  size  0.350000  1.600000  orientation 0.00
drill  0.000000
shape_offset  0.000000  0.000000
$EndPAD
$PAD "6"
Shape Rect Layer front
position  0.325000  2.800000  size  0.350000  1.600000  orientation 0.00
drill  0.000000
shape_offset  0.000000  0.000000
$EndPAD
$PAD "7"
Shape Rect Layer front
position  0.975000  2.800000  size  0.350000  1.600000  orientation 0.00
drill  0.000000
shape_offset  0.000000  0.000000
$EndPAD
$PAD "8"
Shape Rect Layer front
position  1.625000  2.800000  size  0.350000  1.600000  orientation 0.00
drill  0.000000
shape_offset  0.000000  0.000000
$EndPAD
$PAD "9"
Shape Rect Layer front
position  2.275000  2.800000  size  0.350000  1.600000  orientation 0.00
drill  0.000000
shape_offset  0.000000  0.000000
$EndPAD
$PAD "10"
Shape Rect Layer front
position  2.925000  2.800000  size  0.350000  1.600000  orientation 0.00
drill  0.000000
shape_offset  0.000000  0.000000
$EndPAD
$PAD "11"
Shape Rect Layer front
position  2.925000 -2.800000  size  0.350000  1.600000  orientation 0.00
drill  0.000000
shape_offset  0.000000  0.000000
$EndPAD
$PAD "12"
Shape Rect Layer front
position  2.275000 -2.800000  size  0.350000  1.600000  orientation 0.00
drill  0.000000
shape_offset  0.000000  0.000000
$EndPAD
$PAD "13"
Shape Rect Layer front
position  1.625000 -2.800000  size  0.350000  1.600000  orientation 0.00
drill  0.000000
shape_offset  0.000000  0.000000
$EndPAD
$PAD "14"
Shape Rect Layer front
position  0.975000 -2.800000  size  0.350000  1.600000  orientation 0.00
drill  0.000000
shape_offset  0.000000  0.000000
$EndPAD
$PAD "15"
Shape Rect Layer front
position  0.325000 -2.800000  size  0.350000  1.600000  orientation 0.00
drill  0.000000
shape_offset  0.000000  0.000000
$EndPAD
$PAD "16"
Shape Rect Layer front
position -0.325000 -2.800000  size  0.350000  1.600000  orientation 0.00
drill  0.000000
shape_offset  0.000000  0.000000
$EndPAD
$PAD "17"
Shape Rect Layer front
position -0.975000 -2.800000  size  0.350000  1.600000  orientation 0.00
drill  0.000000
shape_offset  0.000000  0.000000
$EndPAD
$PAD "18"
Shape Rect Layer front
position -1.625000 -2.800000  size  0.350000  1.600000  orientation 0.00
drill  0.000000
shape_offset  0.000000  0.000000
$EndPAD
$PAD "19"
Shape Rect Layer front
position -2.275000 -2.800000  size  0.350000  1.600000  orientation 0.00
drill  0.000000
shape_offset  0.000000  0.000000
$EndPAD
$PAD "20"
Shape Rect Layer front
position -2.925000 -2.800000  size  0.350000  1.600000  orientation 0.00
drill  0.000000
shape_offset  0.000000  0.000000
$EndPAD
$EndMODULE  U4

$MODULE "U5"
reference "U5"
value "SN74AHC1G32"
footprint "texas-instruments:DBV"
attribut none
position 176.000000 81.500000  orientation 90.00
layer front
$PAD "5"
Shape Rect Layer front
position -0.950000 -1.350000  size  0.600000  1.050000  orientation 0.00
drill  0.000000
shape_offset  0.000000  0.000000
$EndPAD
$PAD "4"
Shape Rect Layer front
position  0.950000 -1.350000  size  0.600000  1.050000  orientation 0.00
drill  0.000000
shape_offset  0.000000  0.000000
$EndPAD
$PAD "1"
Shape Rect Layer front
position -0.950000  1.350000  size  0.600000  1.050000  orientation 0.00
drill  0.000000
shape_offset  0.000000  0.000000
$EndPAD
$PAD "2"
Shape Rect Layer front
position  0.000000  1.350000  size  0.600000  1.050000  orientation 0.00
drill  0.000000
shape_offset  0.000000  0.000000
$EndPAD
$PAD "3"
Shape Rect Layer front
position  0.950000  1.350000  size  0.600000  1.050000  orientation 0.00
drill  0.000000
shape_offset  0.000000  0.000000
$EndPAD
$EndMODULE  U5

$MODULE "X1"
reference "X1"
value "Crystal"
footprint "k7arx:XTAL-CMR200T"
attribut none
position 178.050000 58.500000  orientation 270.00
layer front
$PAD "~"
Shape Rect Layer front
position -3.875000  0.000000  size  2.500000  2.500000  orientation 0.00
drill  0.000000
shape_offset  0.000000  0.000000
$EndPAD
$PAD "2"
Shape Rect Layer front
position  3.875000 -1.250000  size  2.500000  1.000000  orientation 0.00
drill  0.000000
shape_offset  0.000000  0.000000
$EndPAD
$PAD "1"
Shape Rect Layer front
position  3.875000  1.250000  size  2.500000  1.000000  orientation 0.00
drill  0.000000
shape_offset  0.000000  0.000000
$EndPAD
$EndMODULE  X1

$MODULE "C8"
reference "C8"
value "1uF"
footprint "Capacitors_SMD:C_0805_HandSoldering"
attribut smd
position 140.600000 89.500000  orientation 0.00
layer front
$PAD "1"
Shape Rect Layer front
position -1.250000  0.000000  size  1.500000  1.250000  orientation 0.00
drill  0.000000
shape_offset  0.000000  0.000000
$EndPAD
$PAD "2"
Shape Rect Layer front
position  1.250000  0.000000  size  1.500000  1.250000  orientation 0.00
drill  0.000000
shape_offset  0.000000  0.000000
$EndPAD
$EndMODULE  C8

$MODULE "C9"
reference "C9"
value "0.01uF"
footprint "Capacitors_SMD:C_0805_HandSoldering"
attribut smd
position 163.500000 87.500000  orientation 270.00
layer front
$PAD "1"
Shape Rect Layer front
position -1.250000  0.000000  size  1.500000  1.250000  orientation 0.00
drill  0.000000
shape_offset  0.000000  0.000000
$EndPAD
$PAD "2"
Shape Rect Layer front
position  1.250000  0.000000  size  1.500000  1.250000  orientation 0.00
drill  0.000000
shape_offset  0.000000  0.000000
$EndPAD
$EndMODULE  C9

$MODULE "C10"
reference "C10"
value "10uF"
footprint "Capacitors_SMD:C_0805_HandSoldering"
attribut smd
position 167.700000 87.500000  orientation 270.00
layer front
$PAD "1"
Shape Rect Layer front
position -1.250000  0.000000  size  1.500000  1.250000  orientation 0.00
drill  0.000000
shape_offset  0.000000  0.000000
$EndPAD
$PAD "2"
Shape Rect Layer front
position  1.250000  0.000000  size  1.500000  1.250000  orientation 0.00
drill  0.000000
shape_offset  0.000000  0.000000
$EndPAD
$EndMODULE  C10

$MODULE "P3"
reference "P3"
value "Power"
footprint "Pin_Headers:Pin_Header_Straight_1x02"
attribut none
position 146.500000 89.500000  orientation 90.00
layer front
$PAD "1"
Shape Rect Layer both
position  0.000000  0.000000  size  2.032000  2.032000  orientation 0.00
drill  1.016000
shape_offset  0.000000  0.000000
$EndPAD
$PAD "2"
Shape Oval Layer both
position  0.000000  2.540000  size  2.032000  2.032000  orientation 0.00
drill  1.016000
shape_offset  0.000000  0.000000
$EndPAD
$EndMODULE  P3

$MODULE "U6"
reference "U6"
value "LT1763"
footprint "SMD_Packages:SOIC-8-N"
attribut smd
position 156.500000 87.500000  orientation 90.00
layer front
$PAD "8"
Shape Rect Layer front
position -1.905000 -3.175000  size  0.508000  1.143000  orientation 0.00
drill  0.000000
shape_offset  0.000000  0.000000
$EndPAD
$PAD "7"
Shape Rect Layer front
position -0.635000 -3.175000  size  0.508000  1.143000  orientation 0.00
drill  0.000000
shape_offset  0.000000  0.000000
$EndPAD
$PAD "6"
Shape Rect Layer front
position  0.635000 -3.175000  size  0.508000  1.143000  orientation 0.00
drill  0.000000
shape_offset  0.000000  0.000000
$EndPAD
$PAD "5"
Shape Rect Layer front
position  1.905000 -3.175000  size  0.508000  1.143000  orientation 0.00
drill  0.000000
shape_offset  0.000000  0.000000
$EndPAD
$PAD "4"
Shape Rect Layer front
position  1.905000  3.175000  size  0.508000  1.143000  orientation 0.00
drill  0.000000
shape_offset  0.000000  0.000000
$EndPAD
$PAD "3"
Shape Rect Layer front
position  0.635000  3.175000  size  0.508000  1.143000  orientation 0.00
drill  0.000000
shape_offset  0.000000  0.000000
$EndPAD
$PAD "2"
Shape Rect Layer front
position -0.635000  3.175000  size  0.508000  1.143000  orientation 0.00
drill  0.000000
shape_offset  0.000000  0.000000
$EndPAD
$PAD "1"
Shape Rect Layer front
position -1.905000  3.175000  size  0.508000  1.143000  orientation 0.00
drill  0.000000
shape_offset  0.000000  0.000000
$EndPAD
$EndMODULE  U6

$MODULE "J2"
reference "J2"
value "Paddle Jack"
footprint "k7arx:Jack-TRS-SJ1-3523N"
attribut none
position 135.000000 55.000000  orientation 0.00
layer front
$PAD "~"
Shape Circle Layer both
position  2.000000 -5.000000  size  1.400000  1.400000  orientation 0.00
drill  1.200000
shape_offset  0.000000  0.000000
$EndPAD
$PAD "~"
Shape Circle Layer both
position  4.500000 -5.000000  size  1.400000  1.400000  orientation 0.00
drill  1.200000
shape_offset  0.000000  0.000000
$EndPAD
$PAD "~"
Shape Circle Layer both
position  2.000000  5.000000  size  1.400000  1.400000  orientation 0.00
drill  1.200000
shape_offset  0.000000  0.000000
$EndPAD
$PAD "~"
Shape Circle Layer both
position  4.500000  5.000000  size  1.400000  1.400000  orientation 0.00
drill  1.200000
shape_offset  0.000000  0.000000
$EndPAD
$PAD "~"
Shape Circle Layer both
position  9.500000  0.000000  size  1.400000  1.400000  orientation 0.00
drill  1.200000
shape_offset  0.000000  0.000000
$EndPAD
$PAD "1"
Shape Rect Layer both
position  4.500000  0.000000  size  1.300000  1.800000  orientation 0.00
drill  1.016000
shape_offset  0.000000  0.000000
$EndPAD
$PAD "2"
Shape Rect Layer both
position  9.500000  5.000000  size  1.800000  1.300000  orientation 0.00
drill  1.016000
shape_offset  0.000000  0.000000
$EndPAD
$PAD "3"
Shape Rect Layer both
position  9.500000 -5.000000  size  1.800000  1.300000  orientation 0.00
drill  1.016000
shape_offset  0.000000  0.000000
$EndPAD
$EndMODULE  J2

$MODULE "J1"
reference "J1"
value "Audio Out Jack"
footprint "k7arx:Jack-TRS-SJ1-3523N"
attribut none
position 135.000000 77.500000  orientation 0.00
layer front
$PAD "~"
Shape Circle Layer both
position  2.000000 -5.000000  size  1.400000  1.400000  orientation 0.00
drill  1.200000
shape_offset  0.000000  0.000000
$EndPAD
$PAD "~"
Shape Circle Layer both
position  4.500000 -5.000000  size  1.400000  1.400000  orientation 0.00
drill  1.200000
shape_offset  0.000000  0.000000
$EndPAD
$PAD "~"
Shape Circle Layer both
position  2.000000  5.000000  size  1.400000  1.400000  orientation 0.00
drill  1.200000
shape_offset  0.000000  0.000000
$EndPAD
$PAD "~"
Shape Circle Layer both
position  4.500000  5.000000  size  1.400000  1.400000  orientation 0.00
drill  1.200000
shape_offset  0.000000  0.000000
$EndPAD
$PAD "~"
Shape Circle Layer both
position  9.500000  0.000000  size  1.400000  1.400000  orientation 0.00
drill  1.200000
shape_offset  0.000000  0.000000
$EndPAD
$PAD "1"
Shape Rect Layer both
position  4.500000  0.000000  size  1.300000  1.800000  orientation 0.00
drill  1.016000
shape_offset  0.000000  0.000000
$EndPAD
$PAD "2"
Shape Rect Layer both
position  9.500000  5.000000  size  1.800000  1.300000  orientation 0.00
drill  1.016000
shape_offset  0.000000  0.000000
$EndPAD
$PAD "3"
Shape Rect Layer both
position  9.500000 -5.000000  size  1.800000  1.300000  orientation 0.00
drill  1.016000
shape_offset  0.000000  0.000000
$EndPAD
$EndMODULE  J1

$MODULE "W1"
reference "W1"
value "Stage1"
footprint "k7arx:Test_Point"
attribut none
position 164.500000 64.000000  orientation 0.00
layer front
$PAD "1"
Shape Circle Layer front
position  0.000000  0.000000  size  1.000000  1.000000  orientation 0.00
drill  0.000000
shape_offset  0.000000  0.000000
$EndPAD
$EndMODULE  W1

$MODULE "W2"
reference "W2"
value "Stage2"
footprint "k7arx:Test_Point"
attribut none
position 154.250000 60.000000  orientation 0.00
layer front
$PAD "1"
Shape Circle Layer front
position  0.000000  0.000000  size  1.000000  1.000000  orientation 0.00
drill  0.000000
shape_offset  0.000000  0.000000
$EndPAD
$EndMODULE  W2

$MODULE "W3"
reference "W3"
value "Stage3"
footprint "k7arx:Test_Point"
attribut none
position 153.500000 70.500000  orientation 0.00
layer front
$PAD "1"
Shape Circle Layer front
position  0.000000  0.000000  size  1.000000  1.000000  orientation 0.00
drill  0.000000
shape_offset  0.000000  0.000000
$EndPAD
$EndMODULE  W3

$MODULE "W4"
reference "W4"
value "Stage4"
footprint "k7arx:Test_Point"
attribut none
position 163.000000 70.500000  orientation 0.00
layer front
$PAD "1"
Shape Circle Layer front
position  0.000000  0.000000  size  1.000000  1.000000  orientation 0.00
drill  0.000000
shape_offset  0.000000  0.000000
$EndPAD
$EndMODULE  W4

$MODULE "W5"
reference "W5"
value "OSC"
footprint "k7arx:Test_Point"
attribut none
position 162.500000 79.250000  orientation 0.00
layer front
$PAD "1"
Shape Circle Layer front
position  0.000000  0.000000  size  1.000000  1.000000  orientation 0.00
drill  0.000000
shape_offset  0.000000  0.000000
$EndPAD
$EndMODULE  W5

$MODULE "W6"
reference "W6"
value "AOut"
footprint "k7arx:Test_Point"
attribut none
position 160.500000 82.500000  orientation 0.00
layer front
$PAD "1"
Shape Circle Layer front
position  0.000000  0.000000  size  1.000000  1.000000  orientation 0.00
drill  0.000000
shape_offset  0.000000  0.000000
$EndPAD
$EndMODULE  W6

$EndDESCRIPTION
