## Footprint report - date Wednesday, March 29, 2017 'AMt' 10:15:43 AM
## Created by Pcbnew version kicad 4.0.5
## Unit = inches, Angle = deg.

$BeginDESCRIPTION

$BOARD
upper_left_corner  5.297244  1.611220
lower_right_corner  7.876969  3.648622
$EndBOARD

$MODULE "C1"
reference "C1"
value "2.2nF"
footprint "Capacitors_SMD:C_0805_HandSoldering"
attribut smd
position  6.653543  2.618110  orientation 270.00
layer front
$PAD "1"
Shape Rect Layer front
position -0.049213  0.000000  size  0.059055  0.049213  orientation 0.00
drill  0.000000
shape_offset  0.000000  0.000000
$EndPAD
$PAD "2"
Shape Rect Layer front
position  0.049213  0.000000  size  0.059055  0.049213  orientation 0.00
drill  0.000000
shape_offset  0.000000  0.000000
$EndPAD
$EndMODULE  C1

$MODULE "C2"
reference "C2"
value "2.2nF"
footprint "Capacitors_SMD:C_0805_HandSoldering"
attribut smd
position  6.279528  2.362205  orientation 0.00
layer front
$PAD "1"
Shape Rect Layer front
position -0.049213  0.000000  size  0.059055  0.049213  orientation 0.00
drill  0.000000
shape_offset  0.000000  0.000000
$EndPAD
$PAD "2"
Shape Rect Layer front
position  0.049213  0.000000  size  0.059055  0.049213  orientation 0.00
drill  0.000000
shape_offset  0.000000  0.000000
$EndPAD
$EndMODULE  C2

$MODULE "C3"
reference "C3"
value "2.2nF"
footprint "Capacitors_SMD:C_0805_HandSoldering"
attribut smd
position  5.944882  2.618110  orientation 270.00
layer front
$PAD "1"
Shape Rect Layer front
position -0.049213  0.000000  size  0.059055  0.049213  orientation 0.00
drill  0.000000
shape_offset  0.000000  0.000000
$EndPAD
$PAD "2"
Shape Rect Layer front
position  0.049213  0.000000  size  0.059055  0.049213  orientation 0.00
drill  0.000000
shape_offset  0.000000  0.000000
$EndPAD
$EndMODULE  C3

$MODULE "C4"
reference "C4"
value "2.2nF"
footprint "Capacitors_SMD:C_0805_HandSoldering"
attribut smd
position  6.279528  2.874016  orientation 0.00
layer front
$PAD "1"
Shape Rect Layer front
position -0.049213  0.000000  size  0.059055  0.049213  orientation 0.00
drill  0.000000
shape_offset  0.000000  0.000000
$EndPAD
$PAD "2"
Shape Rect Layer front
position  0.049213  0.000000  size  0.059055  0.049213  orientation 0.00
drill  0.000000
shape_offset  0.000000  0.000000
$EndPAD
$EndMODULE  C4

$MODULE "C5"
reference "C5"
value "10uF"
footprint "Capacitors_SMD:C_0805_HandSoldering"
attribut smd
position  6.082677  3.188976  orientation 0.00
layer front
$PAD "1"
Shape Rect Layer front
position -0.049213  0.000000  size  0.059055  0.049213  orientation 0.00
drill  0.000000
shape_offset  0.000000  0.000000
$EndPAD
$PAD "2"
Shape Rect Layer front
position  0.049213  0.000000  size  0.059055  0.049213  orientation 0.00
drill  0.000000
shape_offset  0.000000  0.000000
$EndPAD
$EndMODULE  C5

$MODULE "C6"
reference "C6"
value "0.1uF"
footprint "Capacitors_SMD:C_0805_HandSoldering"
attribut smd
position  6.870079  2.716535  orientation 90.00
layer front
$PAD "1"
Shape Rect Layer front
position -0.049213  0.000000  size  0.059055  0.049213  orientation 0.00
drill  0.000000
shape_offset  0.000000  0.000000
$EndPAD
$PAD "2"
Shape Rect Layer front
position  0.049213  0.000000  size  0.059055  0.049213  orientation 0.00
drill  0.000000
shape_offset  0.000000  0.000000
$EndPAD
$EndMODULE  C6

$MODULE "C7"
reference "C7"
value "0.1uF"
footprint "Capacitors_SMD:C_0805_HandSoldering"
attribut smd
position  7.244094  1.909449  orientation 0.00
layer front
$PAD "1"
Shape Rect Layer front
position -0.049213  0.000000  size  0.059055  0.049213  orientation 0.00
drill  0.000000
shape_offset  0.000000  0.000000
$EndPAD
$PAD "2"
Shape Rect Layer front
position  0.049213  0.000000  size  0.059055  0.049213  orientation 0.00
drill  0.000000
shape_offset  0.000000  0.000000
$EndPAD
$EndMODULE  C7

$MODULE "D1"
reference "D1"
value "LED"
footprint "LEDs:LED_0805"
attribut smd
position  6.299213  1.870079  orientation 0.00
layer front
$PAD "2"
Shape Rect Layer front
position  0.041300  0.000000  size  0.047200  0.047200  orientation 180.00
drill  0.000000
shape_offset  0.000000  0.000000
$EndPAD
$PAD "1"
Shape Rect Layer front
position -0.041300  0.000000  size  0.047200  0.047200  orientation 180.00
drill  0.000000
shape_offset  0.000000  0.000000
$EndPAD
$EndMODULE  D1

$MODULE "P1"
reference "P1"
value "UART"
footprint "Pin_Headers:Pin_Header_Straight_1x03"
attribut none
position  5.846457  1.712598  orientation 90.00
layer front
$PAD "1"
Shape Rect Layer both
position  0.000000  0.000000  size  0.080000  0.068000  orientation 0.00
drill  0.040000
shape_offset  0.000000  0.000000
$EndPAD
$PAD "2"
Shape Oval Layer both
position  0.000000  0.100000  size  0.080000  0.068000  orientation 0.00
drill  0.040000
shape_offset  0.000000  0.000000
$EndPAD
$PAD "3"
Shape Oval Layer both
position  0.000000  0.200000  size  0.080000  0.068000  orientation 0.00
drill  0.040000
shape_offset  0.000000  0.000000
$EndPAD
$EndMODULE  P1

$MODULE "P2"
reference "P2"
value "SBW JTAG"
footprint "k7arx:Tag-Connect_TC2030-NL"
attribut none
position  7.480315  1.889764  orientation 0.00
layer back
$PAD ""
Shape Circle Layer both
position  0.150000  0.040000  size  0.039370  0.039370  orientation 0.00
drill  0.039016
shape_offset  0.000000  0.000000
$EndPAD
$PAD ""
Shape Circle Layer both
position  0.150000 -0.040000  size  0.039370  0.039370  orientation 0.00
drill  0.039016
shape_offset  0.000000  0.000000
$EndPAD
$PAD ""
Shape Circle Layer both
position -0.050000  0.000000  size  0.039370  0.039370  orientation 0.00
drill  0.039016
shape_offset  0.000000  0.000000
$EndPAD
$PAD "6"
Shape Circle Layer back
position  0.100000  0.025000  size  0.030984  0.030984  orientation 0.00
drill  0.000000
shape_offset  0.000000  0.000000
$EndPAD
$PAD "5"
Shape Circle Layer back
position  0.100000 -0.025000  size  0.030984  0.030984  orientation 0.00
drill  0.000000
shape_offset  0.000000  0.000000
$EndPAD
$PAD "4"
Shape Circle Layer back
position  0.050000  0.025000  size  0.030984  0.030984  orientation 0.00
drill  0.000000
shape_offset  0.000000  0.000000
$EndPAD
$PAD "3"
Shape Circle Layer back
position  0.050000 -0.025000  size  0.030984  0.030984  orientation 0.00
drill  0.000000
shape_offset  0.000000  0.000000
$EndPAD
$PAD "2"
Shape Circle Layer back
position  0.000000  0.025000  size  0.030984  0.030984  orientation 0.00
drill  0.000000
shape_offset  0.000000  0.000000
$EndPAD
$PAD "1"
Shape Circle Layer back
position  0.000000 -0.025000  size  0.030984  0.030984  orientation 0.00
drill  0.000000
shape_offset  0.000000  0.000000
$EndPAD
$PAD "1"
Shape Circle Layer back
position  0.000000 -0.025000  size  0.030984  0.030984  orientation 0.00
drill  0.000000
shape_offset  0.000000  0.000000
$EndPAD
$PAD "2"
Shape Circle Layer back
position  0.000000  0.025000  size  0.030984  0.030984  orientation 0.00
drill  0.000000
shape_offset  0.000000  0.000000
$EndPAD
$PAD "3"
Shape Circle Layer back
position  0.050000 -0.025000  size  0.030984  0.030984  orientation 0.00
drill  0.000000
shape_offset  0.000000  0.000000
$EndPAD
$PAD "4"
Shape Circle Layer back
position  0.050000  0.025000  size  0.030984  0.030984  orientation 0.00
drill  0.000000
shape_offset  0.000000  0.000000
$EndPAD
$PAD "5"
Shape Circle Layer back
position  0.100000 -0.025000  size  0.030984  0.030984  orientation 0.00
drill  0.000000
shape_offset  0.000000  0.000000
$EndPAD
$PAD "6"
Shape Circle Layer back
position  0.100000  0.025000  size  0.030984  0.030984  orientation 0.00
drill  0.000000
shape_offset  0.000000  0.000000
$EndPAD
$PAD ""
Shape Circle Layer both
position -0.050000  0.000000  size  0.039370  0.039370  orientation 0.00
drill  0.039016
shape_offset  0.000000  0.000000
$EndPAD
$PAD ""
Shape Circle Layer both
position  0.150000 -0.040000  size  0.039370  0.039370  orientation 0.00
drill  0.039016
shape_offset  0.000000  0.000000
$EndPAD
$PAD ""
Shape Circle Layer both
position  0.150000  0.040000  size  0.039370  0.039370  orientation 0.00
drill  0.039016
shape_offset  0.000000  0.000000
$EndPAD
$EndMODULE  P2

$MODULE "R1"
reference "R1"
value "105k"
footprint "Resistors_SMD:R_0805_HandSoldering"
attribut smd
position  6.555118  2.618110  orientation 270.00
layer front
$PAD "1"
Shape Rect Layer front
position -0.053150  0.000000  size  0.059055  0.051181  orientation 0.00
drill  0.000000
shape_offset  0.000000  0.000000
$EndPAD
$PAD "2"
Shape Rect Layer front
position  0.053150  0.000000  size  0.059055  0.051181  orientation 0.00
drill  0.000000
shape_offset  0.000000  0.000000
$EndPAD
$EndMODULE  R1

$MODULE "R2"
reference "R2"
value "105k"
footprint "Resistors_SMD:R_0805_HandSoldering"
attribut smd
position  6.279528  2.460630  orientation 0.00
layer front
$PAD "1"
Shape Rect Layer front
position -0.053150  0.000000  size  0.059055  0.051181  orientation 0.00
drill  0.000000
shape_offset  0.000000  0.000000
$EndPAD
$PAD "2"
Shape Rect Layer front
position  0.053150  0.000000  size  0.059055  0.051181  orientation 0.00
drill  0.000000
shape_offset  0.000000  0.000000
$EndPAD
$EndMODULE  R2

$MODULE "R3"
reference "R3"
value "105k"
footprint "Resistors_SMD:R_0805_HandSoldering"
attribut smd
position  6.043307  2.618110  orientation 270.00
layer front
$PAD "1"
Shape Rect Layer front
position -0.053150  0.000000  size  0.059055  0.051181  orientation 0.00
drill  0.000000
shape_offset  0.000000  0.000000
$EndPAD
$PAD "2"
Shape Rect Layer front
position  0.053150  0.000000  size  0.059055  0.051181  orientation 0.00
drill  0.000000
shape_offset  0.000000  0.000000
$EndPAD
$EndMODULE  R3

$MODULE "R4"
reference "R4"
value "105k"
footprint "Resistors_SMD:R_0805_HandSoldering"
attribut smd
position  6.279528  2.775591  orientation 0.00
layer front
$PAD "1"
Shape Rect Layer front
position -0.053150  0.000000  size  0.059055  0.051181  orientation 0.00
drill  0.000000
shape_offset  0.000000  0.000000
$EndPAD
$PAD "2"
Shape Rect Layer front
position  0.053150  0.000000  size  0.059055  0.051181  orientation 0.00
drill  0.000000
shape_offset  0.000000  0.000000
$EndPAD
$EndMODULE  R4

$MODULE "R5"
reference "R5"
value "47k"
footprint "Resistors_SMD:R_0805_HandSoldering"
attribut smd
position  6.555118  2.303150  orientation 270.00
layer front
$PAD "1"
Shape Rect Layer front
position -0.053150  0.000000  size  0.059055  0.051181  orientation 0.00
drill  0.000000
shape_offset  0.000000  0.000000
$EndPAD
$PAD "2"
Shape Rect Layer front
position  0.053150  0.000000  size  0.059055  0.051181  orientation 0.00
drill  0.000000
shape_offset  0.000000  0.000000
$EndPAD
$EndMODULE  R5

$MODULE "R6"
reference "R6"
value "47k"
footprint "Resistors_SMD:R_0805_HandSoldering"
attribut smd
position  6.653543  2.303150  orientation 270.00
layer front
$PAD "1"
Shape Rect Layer front
position -0.053150  0.000000  size  0.059055  0.051181  orientation 0.00
drill  0.000000
shape_offset  0.000000  0.000000
$EndPAD
$PAD "2"
Shape Rect Layer front
position  0.053150  0.000000  size  0.059055  0.051181  orientation 0.00
drill  0.000000
shape_offset  0.000000  0.000000
$EndPAD
$EndMODULE  R6

$MODULE "R7"
reference "R7"
value "47k"
footprint "Resistors_SMD:R_0805_HandSoldering"
attribut smd
position  7.007874  1.909449  orientation 0.00
layer front
$PAD "1"
Shape Rect Layer front
position -0.053150  0.000000  size  0.059055  0.051181  orientation 0.00
drill  0.000000
shape_offset  0.000000  0.000000
$EndPAD
$PAD "2"
Shape Rect Layer front
position  0.053150  0.000000  size  0.059055  0.051181  orientation 0.00
drill  0.000000
shape_offset  0.000000  0.000000
$EndPAD
$EndMODULE  R7

$MODULE "R8"
reference "R8"
value "47k"
footprint "Resistors_SMD:R_0805_HandSoldering"
attribut smd
position  7.381890  2.933071  orientation 270.00
layer front
$PAD "1"
Shape Rect Layer front
position -0.053150  0.000000  size  0.059055  0.051181  orientation 0.00
drill  0.000000
shape_offset  0.000000  0.000000
$EndPAD
$PAD "2"
Shape Rect Layer front
position  0.053150  0.000000  size  0.059055  0.051181  orientation 0.00
drill  0.000000
shape_offset  0.000000  0.000000
$EndPAD
$EndMODULE  R8

$MODULE "R9"
reference "R9"
value "47k"
footprint "Resistors_SMD:R_0805_HandSoldering"
attribut smd
position  7.381890  2.539370  orientation 270.00
layer front
$PAD "1"
Shape Rect Layer front
position -0.053150  0.000000  size  0.059055  0.051181  orientation 0.00
drill  0.000000
shape_offset  0.000000  0.000000
$EndPAD
$PAD "2"
Shape Rect Layer front
position  0.053150  0.000000  size  0.059055  0.051181  orientation 0.00
drill  0.000000
shape_offset  0.000000  0.000000
$EndPAD
$EndMODULE  R9

$MODULE "R10"
reference "R10"
value "47k"
footprint "Resistors_SMD:R_0805_HandSoldering"
attribut smd
position  7.381890  2.185039  orientation 270.00
layer front
$PAD "1"
Shape Rect Layer front
position -0.053150  0.000000  size  0.059055  0.051181  orientation 0.00
drill  0.000000
shape_offset  0.000000  0.000000
$EndPAD
$PAD "2"
Shape Rect Layer front
position  0.053150  0.000000  size  0.059055  0.051181  orientation 0.00
drill  0.000000
shape_offset  0.000000  0.000000
$EndPAD
$EndMODULE  R10

$MODULE "R11"
reference "R11"
value "470"
footprint "Resistors_SMD:R_0805_HandSoldering"
attribut smd
position  6.299213  2.066929  orientation 180.00
layer front
$PAD "1"
Shape Rect Layer front
position -0.053150  0.000000  size  0.059055  0.051181  orientation 0.00
drill  0.000000
shape_offset  0.000000  0.000000
$EndPAD
$PAD "2"
Shape Rect Layer front
position  0.053150  0.000000  size  0.059055  0.051181  orientation 0.00
drill  0.000000
shape_offset  0.000000  0.000000
$EndPAD
$EndMODULE  R11

$MODULE "R12"
reference "R12"
value "47k"
footprint "Resistors_SMD:R_0805_HandSoldering"
attribut smd
position  7.381890  3.287402  orientation 90.00
layer front
$PAD "1"
Shape Rect Layer front
position -0.053150  0.000000  size  0.059055  0.051181  orientation 0.00
drill  0.000000
shape_offset  0.000000  0.000000
$EndPAD
$PAD "2"
Shape Rect Layer front
position  0.053150  0.000000  size  0.059055  0.051181  orientation 0.00
drill  0.000000
shape_offset  0.000000  0.000000
$EndPAD
$EndMODULE  R12

$MODULE "R13"
reference "R13"
value "47k"
footprint "Resistors_SMD:R_0805_HandSoldering"
attribut smd
position  6.003937  2.263780  orientation 0.00
layer front
$PAD "1"
Shape Rect Layer front
position -0.053150  0.000000  size  0.059055  0.051181  orientation 0.00
drill  0.000000
shape_offset  0.000000  0.000000
$EndPAD
$PAD "2"
Shape Rect Layer front
position  0.053150  0.000000  size  0.059055  0.051181  orientation 0.00
drill  0.000000
shape_offset  0.000000  0.000000
$EndPAD
$EndMODULE  R13

$MODULE "R14"
reference "R14"
value "47k"
footprint "Resistors_SMD:R_0805_HandSoldering"
attribut smd
position  6.003937  2.066929  orientation 0.00
layer front
$PAD "1"
Shape Rect Layer front
position -0.053150  0.000000  size  0.059055  0.051181  orientation 0.00
drill  0.000000
shape_offset  0.000000  0.000000
$EndPAD
$PAD "2"
Shape Rect Layer front
position  0.053150  0.000000  size  0.059055  0.051181  orientation 0.00
drill  0.000000
shape_offset  0.000000  0.000000
$EndPAD
$EndMODULE  R14

$MODULE "RF1"
reference "RF1"
value "360k"
footprint "Resistors_SMD:R_0805_HandSoldering"
attribut smd
position  6.555118  2.893701  orientation 270.00
layer front
$PAD "1"
Shape Rect Layer front
position -0.053150  0.000000  size  0.059055  0.051181  orientation 0.00
drill  0.000000
shape_offset  0.000000  0.000000
$EndPAD
$PAD "2"
Shape Rect Layer front
position  0.053150  0.000000  size  0.059055  0.051181  orientation 0.00
drill  0.000000
shape_offset  0.000000  0.000000
$EndPAD
$EndMODULE  RF1

$MODULE "RG1"
reference "RG1"
value "1.5M"
footprint "Resistors_SMD:R_0805_HandSoldering"
attribut smd
position  6.653543  2.893701  orientation 270.00
layer front
$PAD "1"
Shape Rect Layer front
position -0.053150  0.000000  size  0.059055  0.051181  orientation 0.00
drill  0.000000
shape_offset  0.000000  0.000000
$EndPAD
$PAD "2"
Shape Rect Layer front
position  0.053150  0.000000  size  0.059055  0.051181  orientation 0.00
drill  0.000000
shape_offset  0.000000  0.000000
$EndPAD
$EndMODULE  RG1

$MODULE "S1"
reference "S1"
value "TactileSwitch_NO"
footprint "k7arx:SPST-EVQ2"
attribut none
position  7.598425  2.933071  orientation 90.00
layer front
$PAD "1"
Shape Circle Layer both
position  0.000000  0.098425  size  0.059055  0.059055  orientation 0.00
drill  0.039370
shape_offset  0.000000  0.000000
$EndPAD
$PAD "2"
Shape Circle Layer both
position  0.000000 -0.098425  size  0.059055  0.059055  orientation 0.00
drill  0.039370
shape_offset  0.000000  0.000000
$EndPAD
$EndMODULE  S1

$MODULE "S2"
reference "S2"
value "TactileSwitch_NO"
footprint "k7arx:SPST-EVQ2"
attribut none
position  7.598425  2.539370  orientation 90.00
layer front
$PAD "1"
Shape Circle Layer both
position  0.000000  0.098425  size  0.059055  0.059055  orientation 0.00
drill  0.039370
shape_offset  0.000000  0.000000
$EndPAD
$PAD "2"
Shape Circle Layer both
position  0.000000 -0.098425  size  0.059055  0.059055  orientation 0.00
drill  0.039370
shape_offset  0.000000  0.000000
$EndPAD
$EndMODULE  S2

$MODULE "S3"
reference "S3"
value "TactileSwitch_NO"
footprint "k7arx:SPST-EVQ2"
attribut none
position  7.598425  2.185039  orientation 90.00
layer front
$PAD "1"
Shape Circle Layer both
position  0.000000  0.098425  size  0.059055  0.059055  orientation 0.00
drill  0.039370
shape_offset  0.000000  0.000000
$EndPAD
$PAD "2"
Shape Circle Layer both
position  0.000000 -0.098425  size  0.059055  0.059055  orientation 0.00
drill  0.039370
shape_offset  0.000000  0.000000
$EndPAD
$EndMODULE  S3

$MODULE "S4"
reference "S4"
value "TactileSwitch_NO"
footprint "k7arx:SPST-EVQ2"
attribut none
position  7.598425  3.287402  orientation 90.00
layer front
$PAD "1"
Shape Circle Layer both
position  0.000000  0.098425  size  0.059055  0.059055  orientation 0.00
drill  0.039370
shape_offset  0.000000  0.000000
$EndPAD
$PAD "2"
Shape Circle Layer both
position  0.000000 -0.098425  size  0.059055  0.059055  orientation 0.00
drill  0.039370
shape_offset  0.000000  0.000000
$EndPAD
$EndMODULE  S4

$MODULE "S5"
reference "S5"
value "TactileSwitch_NO"
footprint "k7arx:SPST-EVQ2"
attribut none
position  6.653543  1.909449  orientation 270.00
layer front
$PAD "1"
Shape Circle Layer both
position  0.000000  0.098425  size  0.059055  0.059055  orientation 0.00
drill  0.039370
shape_offset  0.000000  0.000000
$EndPAD
$PAD "2"
Shape Circle Layer both
position  0.000000 -0.098425  size  0.059055  0.059055  orientation 0.00
drill  0.039370
shape_offset  0.000000  0.000000
$EndPAD
$EndMODULE  S5

$MODULE "U1"
reference "U1"
value "OPA4322"
footprint "texas-instruments:PW-14"
attribut none
position  6.279528  2.618110  orientation 90.00
layer front
$PAD "1"
Shape Rect Layer front
position -0.076772  0.110236  size  0.013780  0.062992  orientation 0.00
drill  0.000000
shape_offset  0.000000  0.000000
$EndPAD
$PAD "2"
Shape Rect Layer front
position -0.051181  0.110236  size  0.013780  0.062992  orientation 0.00
drill  0.000000
shape_offset  0.000000  0.000000
$EndPAD
$PAD "3"
Shape Rect Layer front
position -0.025591  0.110236  size  0.013780  0.062992  orientation 0.00
drill  0.000000
shape_offset  0.000000  0.000000
$EndPAD
$PAD "4"
Shape Rect Layer front
position  0.000000  0.110236  size  0.013780  0.062992  orientation 0.00
drill  0.000000
shape_offset  0.000000  0.000000
$EndPAD
$PAD "5"
Shape Rect Layer front
position  0.025591  0.110236  size  0.013780  0.062992  orientation 0.00
drill  0.000000
shape_offset  0.000000  0.000000
$EndPAD
$PAD "6"
Shape Rect Layer front
position  0.051181  0.110236  size  0.013780  0.062992  orientation 0.00
drill  0.000000
shape_offset  0.000000  0.000000
$EndPAD
$PAD "7"
Shape Rect Layer front
position  0.076772  0.110236  size  0.013780  0.062992  orientation 0.00
drill  0.000000
shape_offset  0.000000  0.000000
$EndPAD
$PAD "8"
Shape Rect Layer front
position  0.076772 -0.110236  size  0.013780  0.062992  orientation 0.00
drill  0.000000
shape_offset  0.000000  0.000000
$EndPAD
$PAD "9"
Shape Rect Layer front
position  0.051181 -0.110236  size  0.013780  0.062992  orientation 0.00
drill  0.000000
shape_offset  0.000000  0.000000
$EndPAD
$PAD "10"
Shape Rect Layer front
position  0.025591 -0.110236  size  0.013780  0.062992  orientation 0.00
drill  0.000000
shape_offset  0.000000  0.000000
$EndPAD
$PAD "11"
Shape Rect Layer front
position  0.000000 -0.110236  size  0.013780  0.062992  orientation 0.00
drill  0.000000
shape_offset  0.000000  0.000000
$EndPAD
$PAD "12"
Shape Rect Layer front
position -0.025591 -0.110236  size  0.013780  0.062992  orientation 0.00
drill  0.000000
shape_offset  0.000000  0.000000
$EndPAD
$PAD "13"
Shape Rect Layer front
position -0.051181 -0.110236  size  0.013780  0.062992  orientation 0.00
drill  0.000000
shape_offset  0.000000  0.000000
$EndPAD
$PAD "14"
Shape Rect Layer front
position -0.076772 -0.110236  size  0.013780  0.062992  orientation 0.00
drill  0.000000
shape_offset  0.000000  0.000000
$EndPAD
$EndMODULE  U1

$MODULE "U2"
reference "U2"
value "OPA322"
footprint "texas-instruments:DBV"
attribut none
position  6.280000  3.050000  orientation 90.00
layer front
$PAD "5"
Shape Rect Layer front
position -0.037402 -0.053150  size  0.023622  0.041339  orientation 0.00
drill  0.000000
shape_offset  0.000000  0.000000
$EndPAD
$PAD "4"
Shape Rect Layer front
position  0.037402 -0.053150  size  0.023622  0.041339  orientation 0.00
drill  0.000000
shape_offset  0.000000  0.000000
$EndPAD
$PAD "1"
Shape Rect Layer front
position -0.037402  0.053150  size  0.023622  0.041339  orientation 0.00
drill  0.000000
shape_offset  0.000000  0.000000
$EndPAD
$PAD "2"
Shape Rect Layer front
position  0.000000  0.053150  size  0.023622  0.041339  orientation 0.00
drill  0.000000
shape_offset  0.000000  0.000000
$EndPAD
$PAD "3"
Shape Rect Layer front
position  0.037402  0.053150  size  0.023622  0.041339  orientation 0.00
drill  0.000000
shape_offset  0.000000  0.000000
$EndPAD
$EndMODULE  U2

$MODULE "U3"
reference "U3"
value "TS5A2066"
footprint "texas-instruments:DCT"
attribut none
position  6.594488  3.208661  orientation 270.00
layer front
$PAD "1"
Shape Rect Layer front
position -0.038386  0.066929  size  0.011811  0.062992  orientation 0.00
drill  0.000000
shape_offset  0.000000  0.000000
$EndPAD
$PAD "2"
Shape Rect Layer front
position -0.012795  0.066929  size  0.011811  0.062992  orientation 0.00
drill  0.000000
shape_offset  0.000000  0.000000
$EndPAD
$PAD "3"
Shape Rect Layer front
position  0.012795  0.066929  size  0.011811  0.062992  orientation 0.00
drill  0.000000
shape_offset  0.000000  0.000000
$EndPAD
$PAD "4"
Shape Rect Layer front
position  0.038386  0.066929  size  0.011811  0.062992  orientation 0.00
drill  0.000000
shape_offset  0.000000  0.000000
$EndPAD
$PAD "5"
Shape Rect Layer front
position  0.038386 -0.066929  size  0.011811  0.062992  orientation 0.00
drill  0.000000
shape_offset  0.000000  0.000000
$EndPAD
$PAD "6"
Shape Rect Layer front
position  0.012795 -0.066929  size  0.011811  0.062992  orientation 0.00
drill  0.000000
shape_offset  0.000000  0.000000
$EndPAD
$PAD "7"
Shape Rect Layer front
position -0.012795 -0.066929  size  0.011811  0.062992  orientation 0.00
drill  0.000000
shape_offset  0.000000  0.000000
$EndPAD
$PAD "8"
Shape Rect Layer front
position -0.038386 -0.066929  size  0.011811  0.062992  orientation 0.00
drill  0.000000
shape_offset  0.000000  0.000000
$EndPAD
$EndMODULE  U3

$MODULE "U4"
reference "U4"
value "MSP430G2x53"
footprint "texas-instruments:PW-20"
attribut none
position  7.086614  2.716535  orientation 0.00
layer front
$PAD "1"
Shape Rect Layer front
position -0.115157  0.110236  size  0.013780  0.062992  orientation 0.00
drill  0.000000
shape_offset  0.000000  0.000000
$EndPAD
$PAD "2"
Shape Rect Layer front
position -0.089567  0.110236  size  0.013780  0.062992  orientation 0.00
drill  0.000000
shape_offset  0.000000  0.000000
$EndPAD
$PAD "3"
Shape Rect Layer front
position -0.063976  0.110236  size  0.013780  0.062992  orientation 0.00
drill  0.000000
shape_offset  0.000000  0.000000
$EndPAD
$PAD "4"
Shape Rect Layer front
position -0.038386  0.110236  size  0.013780  0.062992  orientation 0.00
drill  0.000000
shape_offset  0.000000  0.000000
$EndPAD
$PAD "5"
Shape Rect Layer front
position -0.012795  0.110236  size  0.013780  0.062992  orientation 0.00
drill  0.000000
shape_offset  0.000000  0.000000
$EndPAD
$PAD "6"
Shape Rect Layer front
position  0.012795  0.110236  size  0.013780  0.062992  orientation 0.00
drill  0.000000
shape_offset  0.000000  0.000000
$EndPAD
$PAD "7"
Shape Rect Layer front
position  0.038386  0.110236  size  0.013780  0.062992  orientation 0.00
drill  0.000000
shape_offset  0.000000  0.000000
$EndPAD
$PAD "8"
Shape Rect Layer front
position  0.063976  0.110236  size  0.013780  0.062992  orientation 0.00
drill  0.000000
shape_offset  0.000000  0.000000
$EndPAD
$PAD "9"
Shape Rect Layer front
position  0.089567  0.110236  size  0.013780  0.062992  orientation 0.00
drill  0.000000
shape_offset  0.000000  0.000000
$EndPAD
$PAD "10"
Shape Rect Layer front
position  0.115157  0.110236  size  0.013780  0.062992  orientation 0.00
drill  0.000000
shape_offset  0.000000  0.000000
$EndPAD
$PAD "11"
Shape Rect Layer front
position  0.115157 -0.110236  size  0.013780  0.062992  orientation 0.00
drill  0.000000
shape_offset  0.000000  0.000000
$EndPAD
$PAD "12"
Shape Rect Layer front
position  0.089567 -0.110236  size  0.013780  0.062992  orientation 0.00
drill  0.000000
shape_offset  0.000000  0.000000
$EndPAD
$PAD "13"
Shape Rect Layer front
position  0.063976 -0.110236  size  0.013780  0.062992  orientation 0.00
drill  0.000000
shape_offset  0.000000  0.000000
$EndPAD
$PAD "14"
Shape Rect Layer front
position  0.038386 -0.110236  size  0.013780  0.062992  orientation 0.00
drill  0.000000
shape_offset  0.000000  0.000000
$EndPAD
$PAD "15"
Shape Rect Layer front
position  0.012795 -0.110236  size  0.013780  0.062992  orientation 0.00
drill  0.000000
shape_offset  0.000000  0.000000
$EndPAD
$PAD "16"
Shape Rect Layer front
position -0.012795 -0.110236  size  0.013780  0.062992  orientation 0.00
drill  0.000000
shape_offset  0.000000  0.000000
$EndPAD
$PAD "17"
Shape Rect Layer front
position -0.038386 -0.110236  size  0.013780  0.062992  orientation 0.00
drill  0.000000
shape_offset  0.000000  0.000000
$EndPAD
$PAD "18"
Shape Rect Layer front
position -0.063976 -0.110236  size  0.013780  0.062992  orientation 0.00
drill  0.000000
shape_offset  0.000000  0.000000
$EndPAD
$PAD "19"
Shape Rect Layer front
position -0.089567 -0.110236  size  0.013780  0.062992  orientation 0.00
drill  0.000000
shape_offset  0.000000  0.000000
$EndPAD
$PAD "20"
Shape Rect Layer front
position -0.115157 -0.110236  size  0.013780  0.062992  orientation 0.00
drill  0.000000
shape_offset  0.000000  0.000000
$EndPAD
$EndMODULE  U4

$MODULE "U5"
reference "U5"
value "SN74AHC1G32"
footprint "texas-instruments:DBV"
attribut none
position  6.929134  3.208661  orientation 90.00
layer front
$PAD "5"
Shape Rect Layer front
position -0.037402 -0.053150  size  0.023622  0.041339  orientation 0.00
drill  0.000000
shape_offset  0.000000  0.000000
$EndPAD
$PAD "4"
Shape Rect Layer front
position  0.037402 -0.053150  size  0.023622  0.041339  orientation 0.00
drill  0.000000
shape_offset  0.000000  0.000000
$EndPAD
$PAD "1"
Shape Rect Layer front
position -0.037402  0.053150  size  0.023622  0.041339  orientation 0.00
drill  0.000000
shape_offset  0.000000  0.000000
$EndPAD
$PAD "2"
Shape Rect Layer front
position  0.000000  0.053150  size  0.023622  0.041339  orientation 0.00
drill  0.000000
shape_offset  0.000000  0.000000
$EndPAD
$PAD "3"
Shape Rect Layer front
position  0.037402  0.053150  size  0.023622  0.041339  orientation 0.00
drill  0.000000
shape_offset  0.000000  0.000000
$EndPAD
$EndMODULE  U5

$MODULE "X1"
reference "X1"
value "Crystal"
footprint "k7arx:XTAL-CMR200T"
attribut none
position  7.009843  2.303150  orientation 270.00
layer front
$PAD "~"
Shape Rect Layer front
position -0.152559  0.000000  size  0.098425  0.098425  orientation 0.00
drill  0.000000
shape_offset  0.000000  0.000000
$EndPAD
$PAD "2"
Shape Rect Layer front
position  0.152559 -0.049213  size  0.098425  0.039370  orientation 0.00
drill  0.000000
shape_offset  0.000000  0.000000
$EndPAD
$PAD "1"
Shape Rect Layer front
position  0.152559  0.049213  size  0.098425  0.039370  orientation 0.00
drill  0.000000
shape_offset  0.000000  0.000000
$EndPAD
$EndMODULE  X1

$MODULE "C8"
reference "C8"
value "1uF"
footprint "Capacitors_SMD:C_0805_HandSoldering"
attribut smd
position  5.535433  3.523622  orientation 0.00
layer front
$PAD "1"
Shape Rect Layer front
position -0.049213  0.000000  size  0.059055  0.049213  orientation 0.00
drill  0.000000
shape_offset  0.000000  0.000000
$EndPAD
$PAD "2"
Shape Rect Layer front
position  0.049213  0.000000  size  0.059055  0.049213  orientation 0.00
drill  0.000000
shape_offset  0.000000  0.000000
$EndPAD
$EndMODULE  C8

$MODULE "C9"
reference "C9"
value "0.01uF"
footprint "Capacitors_SMD:C_0805_HandSoldering"
attribut smd
position  6.437008  3.444882  orientation 270.00
layer front
$PAD "1"
Shape Rect Layer front
position -0.049213  0.000000  size  0.059055  0.049213  orientation 0.00
drill  0.000000
shape_offset  0.000000  0.000000
$EndPAD
$PAD "2"
Shape Rect Layer front
position  0.049213  0.000000  size  0.059055  0.049213  orientation 0.00
drill  0.000000
shape_offset  0.000000  0.000000
$EndPAD
$EndMODULE  C9

$MODULE "C10"
reference "C10"
value "10uF"
footprint "Capacitors_SMD:C_0805_HandSoldering"
attribut smd
position  6.602362  3.444882  orientation 270.00
layer front
$PAD "1"
Shape Rect Layer front
position -0.049213  0.000000  size  0.059055  0.049213  orientation 0.00
drill  0.000000
shape_offset  0.000000  0.000000
$EndPAD
$PAD "2"
Shape Rect Layer front
position  0.049213  0.000000  size  0.059055  0.049213  orientation 0.00
drill  0.000000
shape_offset  0.000000  0.000000
$EndPAD
$EndMODULE  C10

$MODULE "P3"
reference "P3"
value "Power"
footprint "Pin_Headers:Pin_Header_Straight_1x02"
attribut none
position  5.767717  3.523622  orientation 90.00
layer front
$PAD "1"
Shape Rect Layer both
position  0.000000  0.000000  size  0.080000  0.080000  orientation 0.00
drill  0.040000
shape_offset  0.000000  0.000000
$EndPAD
$PAD "2"
Shape Oval Layer both
position  0.000000  0.100000  size  0.080000  0.080000  orientation 0.00
drill  0.040000
shape_offset  0.000000  0.000000
$EndPAD
$EndMODULE  P3

$MODULE "U6"
reference "U6"
value "LT1763"
footprint "SMD_Packages:SOIC-8-N"
attribut smd
position  6.161417  3.444882  orientation 90.00
layer front
$PAD "8"
Shape Rect Layer front
position -0.075000 -0.125000  size  0.020000  0.045000  orientation 0.00
drill  0.000000
shape_offset  0.000000  0.000000
$EndPAD
$PAD "7"
Shape Rect Layer front
position -0.025000 -0.125000  size  0.020000  0.045000  orientation 0.00
drill  0.000000
shape_offset  0.000000  0.000000
$EndPAD
$PAD "6"
Shape Rect Layer front
position  0.025000 -0.125000  size  0.020000  0.045000  orientation 0.00
drill  0.000000
shape_offset  0.000000  0.000000
$EndPAD
$PAD "5"
Shape Rect Layer front
position  0.075000 -0.125000  size  0.020000  0.045000  orientation 0.00
drill  0.000000
shape_offset  0.000000  0.000000
$EndPAD
$PAD "4"
Shape Rect Layer front
position  0.075000  0.125000  size  0.020000  0.045000  orientation 0.00
drill  0.000000
shape_offset  0.000000  0.000000
$EndPAD
$PAD "3"
Shape Rect Layer front
position  0.025000  0.125000  size  0.020000  0.045000  orientation 0.00
drill  0.000000
shape_offset  0.000000  0.000000
$EndPAD
$PAD "2"
Shape Rect Layer front
position -0.025000  0.125000  size  0.020000  0.045000  orientation 0.00
drill  0.000000
shape_offset  0.000000  0.000000
$EndPAD
$PAD "1"
Shape Rect Layer front
position -0.075000  0.125000  size  0.020000  0.045000  orientation 0.00
drill  0.000000
shape_offset  0.000000  0.000000
$EndPAD
$EndMODULE  U6

$MODULE "J2"
reference "J2"
value "Paddle Jack"
footprint "k7arx:Jack-TRS-SJ1-3523N"
attribut none
position  5.314961  2.165354  orientation 0.00
layer front
$PAD "~"
Shape Circle Layer both
position  0.078740 -0.196850  size  0.055118  0.055118  orientation 0.00
drill  0.047244
shape_offset  0.000000  0.000000
$EndPAD
$PAD "~"
Shape Circle Layer both
position  0.177165 -0.196850  size  0.055118  0.055118  orientation 0.00
drill  0.047244
shape_offset  0.000000  0.000000
$EndPAD
$PAD "~"
Shape Circle Layer both
position  0.078740  0.196850  size  0.055118  0.055118  orientation 0.00
drill  0.047244
shape_offset  0.000000  0.000000
$EndPAD
$PAD "~"
Shape Circle Layer both
position  0.177165  0.196850  size  0.055118  0.055118  orientation 0.00
drill  0.047244
shape_offset  0.000000  0.000000
$EndPAD
$PAD "~"
Shape Circle Layer both
position  0.374016  0.000000  size  0.055118  0.055118  orientation 0.00
drill  0.047244
shape_offset  0.000000  0.000000
$EndPAD
$PAD "1"
Shape Rect Layer both
position  0.177165  0.000000  size  0.051181  0.070866  orientation 0.00
drill  0.040000
shape_offset  0.000000  0.000000
$EndPAD
$PAD "2"
Shape Rect Layer both
position  0.374016  0.196850  size  0.070866  0.051181  orientation 0.00
drill  0.040000
shape_offset  0.000000  0.000000
$EndPAD
$PAD "3"
Shape Rect Layer both
position  0.374016 -0.196850  size  0.070866  0.051181  orientation 0.00
drill  0.040000
shape_offset  0.000000  0.000000
$EndPAD
$EndMODULE  J2

$MODULE "J1"
reference "J1"
value "Audio Out Jack"
footprint "k7arx:Jack-TRS-SJ1-3523N"
attribut none
position  5.314961  3.051181  orientation 0.00
layer front
$PAD "~"
Shape Circle Layer both
position  0.078740 -0.196850  size  0.055118  0.055118  orientation 0.00
drill  0.047244
shape_offset  0.000000  0.000000
$EndPAD
$PAD "~"
Shape Circle Layer both
position  0.177165 -0.196850  size  0.055118  0.055118  orientation 0.00
drill  0.047244
shape_offset  0.000000  0.000000
$EndPAD
$PAD "~"
Shape Circle Layer both
position  0.078740  0.196850  size  0.055118  0.055118  orientation 0.00
drill  0.047244
shape_offset  0.000000  0.000000
$EndPAD
$PAD "~"
Shape Circle Layer both
position  0.177165  0.196850  size  0.055118  0.055118  orientation 0.00
drill  0.047244
shape_offset  0.000000  0.000000
$EndPAD
$PAD "~"
Shape Circle Layer both
position  0.374016  0.000000  size  0.055118  0.055118  orientation 0.00
drill  0.047244
shape_offset  0.000000  0.000000
$EndPAD
$PAD "1"
Shape Rect Layer both
position  0.177165  0.000000  size  0.051181  0.070866  orientation 0.00
drill  0.040000
shape_offset  0.000000  0.000000
$EndPAD
$PAD "2"
Shape Rect Layer both
position  0.374016  0.196850  size  0.070866  0.051181  orientation 0.00
drill  0.040000
shape_offset  0.000000  0.000000
$EndPAD
$PAD "3"
Shape Rect Layer both
position  0.374016 -0.196850  size  0.070866  0.051181  orientation 0.00
drill  0.040000
shape_offset  0.000000  0.000000
$EndPAD
$EndMODULE  J1

$MODULE "W1"
reference "W1"
value "Stage1"
footprint "k7arx:Test_Point"
attribut none
position  6.476378  2.519685  orientation 0.00
layer front
$PAD "1"
Shape Circle Layer front
position  0.000000  0.000000  size  0.039370  0.039370  orientation 0.00
drill  0.000000
shape_offset  0.000000  0.000000
$EndPAD
$EndMODULE  W1

$MODULE "W2"
reference "W2"
value "Stage2"
footprint "k7arx:Test_Point"
attribut none
position  6.072835  2.362205  orientation 0.00
layer front
$PAD "1"
Shape Circle Layer front
position  0.000000  0.000000  size  0.039370  0.039370  orientation 0.00
drill  0.000000
shape_offset  0.000000  0.000000
$EndPAD
$EndMODULE  W2

$MODULE "W3"
reference "W3"
value "Stage3"
footprint "k7arx:Test_Point"
attribut none
position  6.043307  2.775591  orientation 0.00
layer front
$PAD "1"
Shape Circle Layer front
position  0.000000  0.000000  size  0.039370  0.039370  orientation 0.00
drill  0.000000
shape_offset  0.000000  0.000000
$EndPAD
$EndMODULE  W3

$MODULE "W4"
reference "W4"
value "Stage4"
footprint "k7arx:Test_Point"
attribut none
position  6.417323  2.775591  orientation 0.00
layer front
$PAD "1"
Shape Circle Layer front
position  0.000000  0.000000  size  0.039370  0.039370  orientation 0.00
drill  0.000000
shape_offset  0.000000  0.000000
$EndPAD
$EndMODULE  W4

$MODULE "W5"
reference "W5"
value "OSC"
footprint "k7arx:Test_Point"
attribut none
position  6.397638  3.120079  orientation 0.00
layer front
$PAD "1"
Shape Circle Layer front
position  0.000000  0.000000  size  0.039370  0.039370  orientation 0.00
drill  0.000000
shape_offset  0.000000  0.000000
$EndPAD
$EndMODULE  W5

$MODULE "W6"
reference "W6"
value "AOut"
footprint "k7arx:Test_Point"
attribut none
position  6.318898  3.248031  orientation 0.00
layer front
$PAD "1"
Shape Circle Layer front
position  0.000000  0.000000  size  0.039370  0.039370  orientation 0.00
drill  0.000000
shape_offset  0.000000  0.000000
$EndPAD
$EndMODULE  W6

$EndDESCRIPTION
